<?xml version="1.0" encoding="UTF-8"?>
<!-- Generated by org.testng.reporters.JUnitXMLReporter -->
<testsuite hostname="DESKTOP-2749E4C" name="Test" tests="5" failures="0" timestamp="21 Mar 2021 16:32:43 GMT" time="140.747" errors="0">
  <testcase name="alertHandling1" time="55.385" classname="testautomationframework.PackingTest"/>
  <testcase name="alertHandling2" time="54.49" classname="testautomationframework.PackingTest"/>
  <testcase name="alertHandling3" time="11.123" classname="testautomationframework.PackingTest"/>
  <testcase name="alertHandling4" time="10.137" classname="testautomationframework.PackingTest"/>
  <testcase name="alertHandling5" time="9.583" classname="testautomationframework.PackingTest"/>
</testsuite> <!-- Test -->
