<?xml version="1.0" encoding="UTF-8"?>
<testng-results skipped="0" failed="1" total="1" passed="0">
  <reporter-output>
  </reporter-output>
  <suite name="Default suite" duration-ms="11214" started-at="2021-06-13T06:28:15Z" finished-at="2021-06-13T06:28:26Z">
    <groups>
    </groups>
    <test name="Default test" duration-ms="11214" started-at="2021-06-13T06:28:15Z" finished-at="2021-06-13T06:28:26Z">
      <class name="testautomationframework.LoginTest">
        <test-method status="FAIL" signature="deleteMail()[pri:0, instance:testautomationframework.LoginTest@3ffc5af1]" name="deleteMail" duration-ms="11186" started-at="2021-06-13T11:58:15Z" finished-at="2021-06-13T11:58:26Z">
          <exception class="java.lang.NoClassDefFoundError">
            <message>
              <![CDATA[com/google/inject/Injector]]>
            </message>
            <full-stacktrace>
              <![CDATA[java.lang.NoClassDefFoundError: com/google/inject/Injector
	at java.lang.Class.getDeclaredMethods0(Native Method)
	at java.lang.Class.privateGetDeclaredMethods(Class.java:2701)
	at java.lang.Class.privateGetPublicMethods(Class.java:2902)
	at java.lang.Class.getMethods(Class.java:1615)
	at com.epam.healenium.utils.StackUtils.lambda$findAnnotatedInTrace$4(StackUtils.java:90)
	at java.util.stream.ReferencePipeline$2$1.accept(ReferencePipeline.java:174)
	at java.util.stream.ReferencePipeline$2$1.accept(ReferencePipeline.java:175)
	at java.util.Spliterators$ArraySpliterator.tryAdvance(Spliterators.java:958)
	at java.util.stream.ReferencePipeline.forEachWithCancel(ReferencePipeline.java:126)
	at java.util.stream.AbstractPipeline.copyIntoWithCancel(AbstractPipeline.java:499)
	at java.util.stream.AbstractPipeline.copyInto(AbstractPipeline.java:486)
	at java.util.stream.AbstractPipeline.wrapAndCopyInto(AbstractPipeline.java:472)
	at java.util.stream.FindOps$FindOp.evaluateSequential(FindOps.java:152)
	at java.util.stream.AbstractPipeline.evaluate(AbstractPipeline.java:234)
	at java.util.stream.ReferencePipeline.findFirst(ReferencePipeline.java:464)
	at com.epam.healenium.utils.StackUtils.findAnnotatedInTrace(StackUtils.java:106)
	at com.epam.healenium.utils.StackUtils.isAnnotationPresent(StackUtils.java:42)
	at com.epam.healenium.SelfHealingEngine.isHealingEnabled(SelfHealingEngine.java:274)
	at com.epam.healenium.handlers.proxy.BaseHandler.findElement(BaseHandler.java:52)
	at com.epam.healenium.handlers.proxy.SelfHealingProxyInvocationHandler.invoke(SelfHealingProxyInvocationHandler.java:39)
	at com.sun.proxy.$Proxy4.findElement(Unknown Source)
	at testautomationframework.LoginTest.deleteMail(LoginTest.java:77)
	at sun.reflect.NativeMethodAccessorImpl.invoke0(Native Method)
	at sun.reflect.NativeMethodAccessorImpl.invoke(NativeMethodAccessorImpl.java:62)
	at sun.reflect.DelegatingMethodAccessorImpl.invoke(DelegatingMethodAccessorImpl.java:43)
	at java.lang.reflect.Method.invoke(Method.java:498)
	at org.testng.internal.MethodInvocationHelper.invokeMethod(MethodInvocationHelper.java:84)
	at org.testng.internal.Invoker.invokeMethod(Invoker.java:714)
	at org.testng.internal.Invoker.invokeTestMethod(Invoker.java:901)
	at org.testng.internal.Invoker.invokeTestMethods(Invoker.java:1231)
	at org.testng.internal.TestMethodWorker.invokeTestMethods(TestMethodWorker.java:127)
	at org.testng.internal.TestMethodWorker.run(TestMethodWorker.java:111)
	at org.testng.TestRunner.privateRun(TestRunner.java:767)
	at org.testng.TestRunner.run(TestRunner.java:617)
	at org.testng.SuiteRunner.runTest(SuiteRunner.java:348)
	at org.testng.SuiteRunner.runSequentially(SuiteRunner.java:343)
	at org.testng.SuiteRunner.privateRun(SuiteRunner.java:305)
	at org.testng.SuiteRunner.run(SuiteRunner.java:254)
	at org.testng.SuiteRunnerWorker.runSuite(SuiteRunnerWorker.java:52)
	at org.testng.SuiteRunnerWorker.run(SuiteRunnerWorker.java:86)
	at org.testng.TestNG.runSuitesSequentially(TestNG.java:1224)
	at org.testng.TestNG.runSuitesLocally(TestNG.java:1149)
	at org.testng.TestNG.run(TestNG.java:1057)
	at org.testng.remote.AbstractRemoteTestNG.run(AbstractRemoteTestNG.java:115)
	at org.testng.remote.RemoteTestNG.initAndRun(RemoteTestNG.java:251)
	at org.testng.remote.RemoteTestNG.main(RemoteTestNG.java:77)
Caused by: java.lang.ClassNotFoundException: com.google.inject.Injector
	at java.net.URLClassLoader.findClass(URLClassLoader.java:382)
	at java.lang.ClassLoader.loadClass(ClassLoader.java:424)
	at sun.misc.Launcher$AppClassLoader.loadClass(Launcher.java:349)
	at java.lang.ClassLoader.loadClass(ClassLoader.java:357)
	... 46 more
]]>
            </full-stacktrace>
          </exception> <!-- java.lang.NoClassDefFoundError -->
          <reporter-output>
          </reporter-output>
        </test-method> <!-- deleteMail -->
      </class> <!-- testautomationframework.LoginTest -->
    </test> <!-- Default test -->
  </suite> <!-- Default suite -->
</testng-results>
